# JRE version: OpenJDK Runtime Environment JBR-21.0.3+13-509.4-jcef (21.0.3+13) (build 21.0.3+13-b509.4)
# Java VM: OpenJDK 64-Bit Server VM JBR-21.0.3+13-509.4-jcef (21.0.3+13-b509.4, mixed mode, tiered, compressed oops, compressed class ptrs, g1 gc, windows-amd64)
GC Precious Log:
 CardTable entry size: 512
 Card Set container configuration: InlinePtr #cards 5 size 8 Array Of Cards #cards 12 size 40 Howl #buckets 4 coarsen threshold 1843 Howl Bitmap #cards 512 size 80 coarsen threshold 460 Card regions per heap region 1 cards per card region 2048
 CPUs: 8 total, 8 available
 Memory: 7991M
 Large Page Support: Disabled
 NUMA Support: Disabled
 Compressed Oops: Enabled (32-bit)
 Heap Region Size: 1M
 Heap Min Capacity: 256M
 Heap Initial Capacity: 256M
 Heap Max Capacity: 2G
 Pre-touch: Disabled
 Parallel Workers: 8
 Concurrent Workers: 2
 Concurrent Refinement Workers: 8
 Periodic GC: Disabled
Heap:
 garbage-first heap   total 262144K, used 70493K [0x0000000080000000, 0x0000000100000000)
  region size 1024K, 1 young (1024K), 1 survivors (1024K)
 Metaspace       used 62523K, committed 63488K, reserved 1114112K
  class space    used 6554K, committed 6976K, reserved 1048576K
GC Heap History (17 events):
Event: 0.891 GC heap before
{Heap before GC invocations=0 (full 0):
 garbage-first heap   total 262144K, used 34816K [0x0000000080000000, 0x0000000100000000)
  region size 1024K, 23 young (23552K), 0 survivors (0K)
 Metaspace       used 18261K, committed 18496K, reserved 1114112K
  class space    used 1571K, committed 1728K, reserved 1048576K
}
Event: 0.909 GC heap after
{Heap after GC invocations=1 (full 0):
 garbage-first heap   total 262144K, used 20961K [0x0000000080000000, 0x0000000100000000)
  region size 1024K, 3 young (3072K), 3 survivors (3072K)
 Metaspace       used 18261K, committed 18496K, reserved 1114112K
  class space    used 1571K, committed 1728K, reserved 1048576K
}
Event: 0.978 GC heap before
{Heap before GC invocations=1 (full 0):
 garbage-first heap   total 262144K, used 42465K [0x0000000080000000, 0x0000000100000000)
  region size 1024K, 23 young (23552K), 3 survivors (3072K)
 Metaspace       used 19988K, committed 20224K, reserved 1114112K
  class space    used 1743K, committed 1856K, reserved 1048576K
}
Event: 0.985 GC heap after
{Heap after GC invocations=2 (full 0):
 garbage-first heap   total 262144K, used 31926K [0x0000000080000000, 0x0000000100000000)
  region size 1024K, 3 young (3072K), 3 survivors (3072K)
 Metaspace       used 19988K, committed 20224K, reserved 1114112K
  class space    used 1743K, committed 1856K, reserved 1048576K
}
Event: 1.027 GC heap before
{Heap before GC invocations=2 (full 0):
 garbage-first heap   total 262144K, used 42166K [0x0000000080000000, 0x0000000100000000)
  region size 1024K, 15 young (15360K), 3 survivors (3072K)
 Metaspace       used 21240K, committed 21504K, reserved 1114112K
  class space    used 1867K, committed 2048K, reserved 1048576K
}
Event: 1.032 GC heap after
{Heap after GC invocations=3 (full 0):
 garbage-first heap   total 262144K, used 37225K [0x0000000080000000, 0x0000000100000000)
  region size 1024K, 4 young (4096K), 4 survivors (4096K)
 Metaspace       used 21240K, committed 21504K, reserved 1114112K
  class space    used 1867K, committed 2048K, reserved 1048576K
}
Event: 1.474 GC heap before
{Heap before GC invocations=4 (full 0):
 garbage-first heap   total 262144K, used 56681K [0x0000000080000000, 0x0000000100000000)
  region size 1024K, 28 young (28672K), 4 survivors (4096K)
 Metaspace       used 36452K, committed 36928K, reserved 1114112K
  class space    used 3507K, committed 3712K, reserved 1048576K
}
Event: 1.480 GC heap after
{Heap after GC invocations=5 (full 0):
 garbage-first heap   total 262144K, used 42122K [0x0000000080000000, 0x0000000100000000)
  region size 1024K, 7 young (7168K), 7 survivors (7168K)
 Metaspace       used 36452K, committed 36928K, reserved 1114112K
  class space    used 3507K, committed 3712K, reserved 1048576K
}
Event: 1.529 GC heap before
{Heap before GC invocations=5 (full 0):
 garbage-first heap   total 262144K, used 44170K [0x0000000080000000, 0x0000000100000000)
  region size 1024K, 11 young (11264K), 7 survivors (7168K)
 Metaspace       used 36761K, committed 37248K, reserved 1114112K
  class space    used 3541K, committed 3776K, reserved 1048576K
}
Event: 1.532 GC heap after
{Heap after GC invocations=6 (full 0):
 garbage-first heap   total 262144K, used 44024K [0x0000000080000000, 0x0000000100000000)
  region size 1024K, 3 young (3072K), 3 survivors (3072K)
 Metaspace       used 36761K, committed 37248K, reserved 1114112K
  class space    used 3541K, committed 3776K, reserved 1048576K
}
Event: 1.569 GC heap before
{Heap before GC invocations=6 (full 0):
 garbage-first heap   total 262144K, used 48120K [0x0000000080000000, 0x0000000100000000)
  region size 1024K, 8 young (8192K), 3 survivors (3072K)
 Metaspace       used 37084K, committed 37568K, reserved 1114112K
  class space    used 3554K, committed 3776K, reserved 1048576K
}
Event: 1.570 GC heap after
{Heap after GC invocations=7 (full 0):
 garbage-first heap   total 262144K, used 44706K [0x0000000080000000, 0x0000000100000000)
  region size 1024K, 3 young (3072K), 3 survivors (3072K)
 Metaspace       used 37084K, committed 37568K, reserved 1114112K
  class space    used 3554K, committed 3776K, reserved 1048576K
}
Event: 4.467 GC heap before
{Heap before GC invocations=8 (full 0):
 garbage-first heap   total 262144K, used 126626K [0x0000000080000000, 0x0000000100000000)
  region size 1024K, 83 young (84992K), 3 survivors (3072K)
 Metaspace       used 61938K, committed 62848K, reserved 1114112K
  class space    used 6491K, committed 6912K, reserved 1048576K
}
Event: 4.479 GC heap after
{Heap after GC invocations=9 (full 0):
 garbage-first heap   total 262144K, used 68468K [0x0000000080000000, 0x0000000100000000)
  region size 1024K, 17 young (17408K), 17 survivors (17408K)
 Metaspace       used 61938K, committed 62848K, reserved 1114112K
  class space    used 6491K, committed 6912K, reserved 1048576K
}
Event: 4.485 GC heap before
{Heap before GC invocations=9 (full 0):
 garbage-first heap   total 262144K, used 71540K [0x0000000080000000, 0x0000000100000000)
  region size 1024K, 22 young (22528K), 17 survivors (17408K)
 Metaspace       used 62296K, committed 63168K, reserved 1114112K
  class space    used 6527K, committed 6912K, reserved 1048576K
}
Event: 4.493 GC heap after
{Heap after GC invocations=10 (full 0):
 garbage-first heap   total 262144K, used 71680K [0x0000000080000000, 0x0000000100000000)
  region size 1024K, 2 young (2048K), 2 survivors (2048K)
 Metaspace       used 62296K, committed 63168K, reserved 1114112K
  class space    used 6527K, committed 6912K, reserved 1048576K
}
Event: 4.498 GC heap before
{Heap before GC invocations=10 (full 0):
 garbage-first heap   total 262144K, used 73728K [0x0000000080000000, 0x0000000100000000)
  region size 1024K, 6 young (6144K), 2 survivors (2048K)
 Metaspace       used 62523K, committed 63488K, reserved 1114112K
  class space    used 6554K, committed 6976K, reserved 1048576K
}

