# JRE version: OpenJDK Runtime Environment JBR-21.0.3+13-509.4-jcef (21.0.3+13) (build 21.0.3+13-b509.4)
# Java VM: OpenJDK 64-Bit Server VM JBR-21.0.3+13-509.4-jcef (21.0.3+13-b509.4, mixed mode, tiered, compressed oops, compressed class ptrs, g1 gc, windows-amd64)
GC Precious Log:
 CardTable entry size: 512
 Card Set container configuration: InlinePtr #cards 5 size 8 Array Of Cards #cards 12 size 40 Howl #buckets 4 coarsen threshold 1843 Howl Bitmap #cards 512 size 80 coarsen threshold 460 Card regions per heap region 1 cards per card region 2048
 CPUs: 8 total, 8 available
 Memory: 7991M
 Large Page Support: Disabled
 NUMA Support: Disabled
 Compressed Oops: Enabled (32-bit)
 Heap Region Size: 1M
 Heap Min Capacity: 256M
 Heap Initial Capacity: 256M
 Heap Max Capacity: 2G
 Pre-touch: Disabled
 Parallel Workers: 8
 Concurrent Workers: 2
 Concurrent Refinement Workers: 8
 Periodic GC: Disabled
Heap:
 garbage-first heap   total 262144K, used 63890K [0x0000000080000000, 0x0000000100000000)
  region size 1024K, 2 young (2048K), 2 survivors (2048K)
 Metaspace       used 63323K, committed 64128K, reserved 1114112K
  class space    used 6689K, committed 7040K, reserved 1048576K
GC Heap History (17 events):
Event: 0.609 GC heap before
{Heap before GC invocations=0 (full 0):
 garbage-first heap   total 262144K, used 34816K [0x0000000080000000, 0x0000000100000000)
  region size 1024K, 23 young (23552K), 0 survivors (0K)
 Metaspace       used 19689K, committed 19904K, reserved 1114112K
  class space    used 1718K, committed 1792K, reserved 1048576K
}
Event: 0.617 GC heap after
{Heap after GC invocations=1 (full 0):
 garbage-first heap   total 262144K, used 21162K [0x0000000080000000, 0x0000000100000000)
  region size 1024K, 3 young (3072K), 3 survivors (3072K)
 Metaspace       used 19689K, committed 19904K, reserved 1114112K
  class space    used 1718K, committed 1792K, reserved 1048576K
}
Event: 0.709 GC heap before
{Heap before GC invocations=1 (full 0):
 garbage-first heap   total 262144K, used 43690K [0x0000000080000000, 0x0000000100000000)
  region size 1024K, 24 young (24576K), 3 survivors (3072K)
 Metaspace       used 21236K, committed 21504K, reserved 1114112K
  class space    used 1853K, committed 1984K, reserved 1048576K
}
Event: 0.717 GC heap after
{Heap after GC invocations=2 (full 0):
 garbage-first heap   total 262144K, used 31958K [0x0000000080000000, 0x0000000100000000)
  region size 1024K, 3 young (3072K), 3 survivors (3072K)
 Metaspace       used 21236K, committed 21504K, reserved 1114112K
  class space    used 1853K, committed 1984K, reserved 1048576K
}
Event: 0.722 GC heap before
{Heap before GC invocations=2 (full 0):
 garbage-first heap   total 262144K, used 32982K [0x0000000080000000, 0x0000000100000000)
  region size 1024K, 5 young (5120K), 3 survivors (3072K)
 Metaspace       used 21284K, committed 21504K, reserved 1114112K
  class space    used 1860K, committed 1984K, reserved 1048576K
}
Event: 0.725 GC heap after
{Heap after GC invocations=3 (full 0):
 garbage-first heap   total 262144K, used 33017K [0x0000000080000000, 0x0000000100000000)
  region size 1024K, 1 young (1024K), 1 survivors (1024K)
 Metaspace       used 21284K, committed 21504K, reserved 1114112K
  class space    used 1860K, committed 1984K, reserved 1048576K
}
Event: 1.153 GC heap before
{Heap before GC invocations=4 (full 0):
 garbage-first heap   total 262144K, used 63737K [0x0000000080000000, 0x0000000100000000)
  region size 1024K, 33 young (33792K), 1 survivors (1024K)
 Metaspace       used 36117K, committed 36608K, reserved 1114112K
  class space    used 3419K, committed 3648K, reserved 1048576K
}
Event: 1.162 GC heap after
{Heap after GC invocations=5 (full 0):
 garbage-first heap   total 262144K, used 42635K [0x0000000080000000, 0x0000000100000000)
  region size 1024K, 8 young (8192K), 8 survivors (8192K)
 Metaspace       used 36117K, committed 36608K, reserved 1114112K
  class space    used 3419K, committed 3648K, reserved 1048576K
}
Event: 1.185 GC heap before
{Heap before GC invocations=5 (full 0):
 garbage-first heap   total 262144K, used 43659K [0x0000000080000000, 0x0000000100000000)
  region size 1024K, 10 young (10240K), 8 survivors (8192K)
 Metaspace       used 36442K, committed 36928K, reserved 1114112K
  class space    used 3459K, committed 3712K, reserved 1048576K
}
Event: 1.191 GC heap after
{Heap after GC invocations=6 (full 0):
 garbage-first heap   total 262144K, used 43840K [0x0000000080000000, 0x0000000100000000)
  region size 1024K, 1 young (1024K), 1 survivors (1024K)
 Metaspace       used 36442K, committed 36928K, reserved 1114112K
  class space    used 3459K, committed 3712K, reserved 1048576K
}
Event: 1.205 GC heap before
{Heap before GC invocations=6 (full 0):
 garbage-first heap   total 262144K, used 45888K [0x0000000080000000, 0x0000000100000000)
  region size 1024K, 4 young (4096K), 1 survivors (1024K)
 Metaspace       used 36828K, committed 37248K, reserved 1114112K
  class space    used 3497K, committed 3712K, reserved 1048576K
}
Event: 1.206 GC heap after
{Heap after GC invocations=7 (full 0):
 garbage-first heap   total 262144K, used 43093K [0x0000000080000000, 0x0000000100000000)
  region size 1024K, 1 young (1024K), 1 survivors (1024K)
 Metaspace       used 36828K, committed 37248K, reserved 1114112K
  class space    used 3497K, committed 3712K, reserved 1048576K
}
Event: 2.652 GC heap before
{Heap before GC invocations=8 (full 0):
 garbage-first heap   total 262144K, used 128085K [0x0000000080000000, 0x0000000100000000)
  region size 1024K, 87 young (89088K), 1 survivors (1024K)
 Metaspace       used 62655K, committed 63488K, reserved 1114112K
  class space    used 6606K, committed 6976K, reserved 1048576K
}
Event: 2.665 GC heap after
{Heap after GC invocations=9 (full 0):
 garbage-first heap   total 262144K, used 63281K [0x0000000080000000, 0x0000000100000000)
  region size 1024K, 15 young (15360K), 15 survivors (15360K)
 Metaspace       used 62655K, committed 63488K, reserved 1114112K
  class space    used 6606K, committed 6976K, reserved 1048576K
}
Event: 2.692 GC heap before
{Heap before GC invocations=9 (full 0):
 garbage-first heap   total 262144K, used 66353K [0x0000000080000000, 0x0000000100000000)
  region size 1024K, 20 young (20480K), 15 survivors (15360K)
 Metaspace       used 62933K, committed 63808K, reserved 1114112K
  class space    used 6645K, committed 7040K, reserved 1048576K
}
Event: 2.702 GC heap after
{Heap after GC invocations=10 (full 0):
 garbage-first heap   total 262144K, used 64115K [0x0000000080000000, 0x0000000100000000)
  region size 1024K, 2 young (2048K), 2 survivors (2048K)
 Metaspace       used 62933K, committed 63808K, reserved 1114112K
  class space    used 6645K, committed 7040K, reserved 1048576K
}
Event: 2.745 GC heap before
{Heap before GC invocations=10 (full 0):
 garbage-first heap   total 262144K, used 66163K [0x0000000080000000, 0x0000000100000000)
  region size 1024K, 6 young (6144K), 2 survivors (2048K)
 Metaspace       used 63323K, committed 64128K, reserved 1114112K
  class space    used 6689K, committed 7040K, reserved 1048576K
}

