# JRE version: OpenJDK Runtime Environment JBR-21.0.3+13-509.4-jcef (21.0.3+13) (build 21.0.3+13-b509.4)
# Java VM: OpenJDK 64-Bit Server VM JBR-21.0.3+13-509.4-jcef (21.0.3+13-b509.4, mixed mode, tiered, compressed oops, compressed class ptrs, g1 gc, windows-amd64)
GC Precious Log:
 CardTable entry size: 512
 Card Set container configuration: InlinePtr #cards 5 size 8 Array Of Cards #cards 12 size 40 Howl #buckets 4 coarsen threshold 1843 Howl Bitmap #cards 512 size 80 coarsen threshold 460 Card regions per heap region 1 cards per card region 2048
 CPUs: 8 total, 8 available
 Memory: 7991M
 Large Page Support: Disabled
 NUMA Support: Disabled
 Compressed Oops: Enabled (32-bit)
 Heap Region Size: 1M
 Heap Min Capacity: 256M
 Heap Initial Capacity: 256M
 Heap Max Capacity: 2G
 Pre-touch: Disabled
 Parallel Workers: 8
 Concurrent Workers: 2
 Concurrent Refinement Workers: 8
 Periodic GC: Disabled
Heap:
 garbage-first heap   total 262144K, used 63812K [0x0000000080000000, 0x0000000100000000)
  region size 1024K, 2 young (2048K), 2 survivors (2048K)
 Metaspace       used 62171K, committed 62976K, reserved 1114112K
  class space    used 6448K, committed 6784K, reserved 1048576K
GC Heap History (17 events):
Event: 0.515 GC heap before
{Heap before GC invocations=0 (full 0):
 garbage-first heap   total 262144K, used 34816K [0x0000000080000000, 0x0000000100000000)
  region size 1024K, 23 young (23552K), 0 survivors (0K)
 Metaspace       used 19661K, committed 19904K, reserved 1114112K
  class space    used 1716K, committed 1856K, reserved 1048576K
}
Event: 0.523 GC heap after
{Heap after GC invocations=1 (full 0):
 garbage-first heap   total 262144K, used 20863K [0x0000000080000000, 0x0000000100000000)
  region size 1024K, 3 young (3072K), 3 survivors (3072K)
 Metaspace       used 19661K, committed 19904K, reserved 1114112K
  class space    used 1716K, committed 1856K, reserved 1048576K
}
Event: 0.608 GC heap before
{Heap before GC invocations=1 (full 0):
 garbage-first heap   total 262144K, used 43391K [0x0000000080000000, 0x0000000100000000)
  region size 1024K, 24 young (24576K), 3 survivors (3072K)
 Metaspace       used 20743K, committed 21056K, reserved 1114112K
  class space    used 1814K, committed 1984K, reserved 1048576K
}
Event: 0.615 GC heap after
{Heap after GC invocations=2 (full 0):
 garbage-first heap   total 262144K, used 33280K [0x0000000080000000, 0x0000000100000000)
  region size 1024K, 3 young (3072K), 3 survivors (3072K)
 Metaspace       used 20743K, committed 21056K, reserved 1114112K
  class space    used 1814K, committed 1984K, reserved 1048576K
}
Event: 0.649 GC heap before
{Heap before GC invocations=2 (full 0):
 garbage-first heap   total 262144K, used 41472K [0x0000000080000000, 0x0000000100000000)
  region size 1024K, 13 young (13312K), 3 survivors (3072K)
 Metaspace       used 21302K, committed 21504K, reserved 1114112K
  class space    used 1858K, committed 1984K, reserved 1048576K
}
Event: 0.653 GC heap after
{Heap after GC invocations=3 (full 0):
 garbage-first heap   total 262144K, used 38322K [0x0000000080000000, 0x0000000100000000)
  region size 1024K, 4 young (4096K), 4 survivors (4096K)
 Metaspace       used 21302K, committed 21504K, reserved 1114112K
  class space    used 1858K, committed 1984K, reserved 1048576K
}
Event: 1.492 GC heap before
{Heap before GC invocations=4 (full 0):
 garbage-first heap   total 262144K, used 56754K [0x0000000080000000, 0x0000000100000000)
  region size 1024K, 26 young (26624K), 4 survivors (4096K)
 Metaspace       used 35770K, committed 36160K, reserved 1114112K
  class space    used 3367K, committed 3520K, reserved 1048576K
}
Event: 1.497 GC heap after
{Heap after GC invocations=5 (full 0):
 garbage-first heap   total 262144K, used 40177K [0x0000000080000000, 0x0000000100000000)
  region size 1024K, 5 young (5120K), 5 survivors (5120K)
 Metaspace       used 35770K, committed 36160K, reserved 1114112K
  class space    used 3367K, committed 3520K, reserved 1048576K
}
Event: 1.506 GC heap before
{Heap before GC invocations=5 (full 0):
 garbage-first heap   total 262144K, used 42225K [0x0000000080000000, 0x0000000100000000)
  region size 1024K, 8 young (8192K), 5 survivors (5120K)
 Metaspace       used 36067K, committed 36480K, reserved 1114112K
  class space    used 3400K, committed 3584K, reserved 1048576K
}
Event: 1.509 GC heap after
{Heap after GC invocations=6 (full 0):
 garbage-first heap   total 262144K, used 40149K [0x0000000080000000, 0x0000000100000000)
  region size 1024K, 6 young (6144K), 6 survivors (6144K)
 Metaspace       used 36067K, committed 36480K, reserved 1114112K
  class space    used 3400K, committed 3584K, reserved 1048576K
}
Event: 1.513 GC heap before
{Heap before GC invocations=6 (full 0):
 garbage-first heap   total 262144K, used 43221K [0x0000000080000000, 0x0000000100000000)
  region size 1024K, 11 young (11264K), 6 survivors (6144K)
 Metaspace       used 36353K, committed 36800K, reserved 1114112K
  class space    used 3423K, committed 3648K, reserved 1048576K
}
Event: 1.516 GC heap after
{Heap after GC invocations=7 (full 0):
 garbage-first heap   total 262144K, used 39883K [0x0000000080000000, 0x0000000100000000)
  region size 1024K, 5 young (5120K), 5 survivors (5120K)
 Metaspace       used 36353K, committed 36800K, reserved 1114112K
  class space    used 3423K, committed 3648K, reserved 1048576K
}
Event: 2.197 GC heap before
{Heap before GC invocations=8 (full 0):
 garbage-first heap   total 262144K, used 128971K [0x0000000080000000, 0x0000000100000000)
  region size 1024K, 92 young (94208K), 5 survivors (5120K)
 Metaspace       used 61568K, committed 62336K, reserved 1114112K
  class space    used 6377K, committed 6720K, reserved 1048576K
}
Event: 2.232 GC heap after
{Heap after GC invocations=9 (full 0):
 garbage-first heap   total 262144K, used 61280K [0x0000000080000000, 0x0000000100000000)
  region size 1024K, 17 young (17408K), 17 survivors (17408K)
 Metaspace       used 61568K, committed 62336K, reserved 1114112K
  class space    used 6377K, committed 6720K, reserved 1048576K
}
Event: 2.270 GC heap before
{Heap before GC invocations=9 (full 0):
 garbage-first heap   total 262144K, used 65376K [0x0000000080000000, 0x0000000100000000)
  region size 1024K, 21 young (21504K), 17 survivors (17408K)
 Metaspace       used 61844K, committed 62656K, reserved 1114112K
  class space    used 6407K, committed 6784K, reserved 1048576K
}
Event: 2.299 GC heap after
{Heap after GC invocations=10 (full 0):
 garbage-first heap   total 262144K, used 63980K [0x0000000080000000, 0x0000000100000000)
  region size 1024K, 2 young (2048K), 2 survivors (2048K)
 Metaspace       used 61844K, committed 62656K, reserved 1114112K
  class space    used 6407K, committed 6784K, reserved 1048576K
}
Event: 2.336 GC heap before
{Heap before GC invocations=10 (full 0):
 garbage-first heap   total 262144K, used 66028K [0x0000000080000000, 0x0000000100000000)
  region size 1024K, 6 young (6144K), 2 survivors (2048K)
 Metaspace       used 62171K, committed 62976K, reserved 1114112K
  class space    used 6448K, committed 6784K, reserved 1048576K
}

